<?xml version="1.0" ?>
<testsuites>
	<testsuite errors="0" errors_detail="H:0 M:0 L:0" failures="0" failures_detail="H:0 M:0 L:0" hostname="baidu" name="Baidu" tests="3" time="17.047255" timestamp="2019-03-15T16:24:15.837132">
		<testcase classname="BAIDU_001" name="搜索：自动化测试" priority="H" time="3.977096"/>
		<testcase classname="BAIDU_002" name="搜索：搜狗" priority="M" time="5.271036"/>
		<testcase classname="BAIDU_005" name="搜索：&lt;测试数据&gt;" priority="M" time="5.196518"/>
	</testsuite>
</testsuites>
